{"/Users/ruiruihu/hackReactor/JH-SDC/server/index.js": {"path":"/Users/ruiruihu/hackReactor/JH-SDC/server/index.js","statementMap":{"0":{"start":{"line":1,"column":14},"end":{"line":1,"column":32}},"1":{"start":{"line":2,"column":10},"end":{"line":2,"column":19}},"2":{"start":{"line":3,"column":17},"end":{"line":3,"column":30}},"3":{"start":{"line":5,"column":0},"end":{"line":5,"column":24}},"4":{"start":{"line":7,"column":13},"end":{"line":13,"column":2}},"5":{"start":{"line":15,"column":0},"end":{"line":93,"column":3}},"6":{"start":{"line":16,"column":18},"end":{"line":16,"column":38}},"7":{"start":{"line":18,"column":2},"end":{"line":23,"column":3}},"8":{"start":{"line":19,"column":4},"end":{"line":19,"column":63}},"9":{"start":{"line":20,"column":4},"end":{"line":20,"column":11}},"10":{"start":{"line":22,"column":4},"end":{"line":22,"column":34}},"11":{"start":{"line":24,"column":15},"end":{"line":24,"column":53}},"12":{"start":{"line":25,"column":16},"end":{"line":25,"column":55}},"13":{"start":{"line":27,"column":16},"end":{"line":50,"column":46}},"14":{"start":{"line":51,"column":2},"end":{"line":92,"column":4}},"15":{"start":{"line":52,"column":4},"end":{"line":91,"column":5}},"16":{"start":{"line":53,"column":6},"end":{"line":53,"column":24}},"17":{"start":{"line":55,"column":24},"end":{"line":55,"column":26}},"18":{"start":{"line":56,"column":6},"end":{"line":86,"column":8}},"19":{"start":{"line":57,"column":8},"end":{"line":67,"column":9}},"20":{"start":{"line":58,"column":10},"end":{"line":66,"column":11}},"21":{"start":{"line":68,"column":8},"end":{"line":78,"column":9}},"22":{"start":{"line":69,"column":25},"end":{"line":76,"column":11}},"23":{"start":{"line":77,"column":10},"end":{"line":77,"column":66}},"24":{"start":{"line":79,"column":8},"end":{"line":85,"column":9}},"25":{"start":{"line":80,"column":24},"end":{"line":83,"column":11}},"26":{"start":{"line":84,"column":10},"end":{"line":84,"column":76}},"27":{"start":{"line":87,"column":6},"end":{"line":90,"column":8}},"28":{"start":{"line":95,"column":0},"end":{"line":155,"column":3}},"29":{"start":{"line":96,"column":19},"end":{"line":96,"column":41}},"30":{"start":{"line":98,"column":2},"end":{"line":103,"column":3}},"31":{"start":{"line":99,"column":4},"end":{"line":99,"column":64}},"32":{"start":{"line":100,"column":4},"end":{"line":100,"column":11}},"33":{"start":{"line":102,"column":4},"end":{"line":102,"column":36}},"34":{"start":{"line":104,"column":15},"end":{"line":104,"column":53}},"35":{"start":{"line":105,"column":16},"end":{"line":105,"column":55}},"36":{"start":{"line":107,"column":16},"end":{"line":121,"column":49}},"37":{"start":{"line":122,"column":2},"end":{"line":154,"column":4}},"38":{"start":{"line":123,"column":4},"end":{"line":153,"column":5}},"39":{"start":{"line":124,"column":6},"end":{"line":124,"column":25}},"40":{"start":{"line":126,"column":22},"end":{"line":126,"column":24}},"41":{"start":{"line":127,"column":6},"end":{"line":146,"column":8}},"42":{"start":{"line":128,"column":8},"end":{"line":138,"column":9}},"43":{"start":{"line":129,"column":25},"end":{"line":136,"column":11}},"44":{"start":{"line":137,"column":10},"end":{"line":137,"column":37}},"45":{"start":{"line":139,"column":8},"end":{"line":145,"column":9}},"46":{"start":{"line":140,"column":24},"end":{"line":143,"column":11}},"47":{"start":{"line":144,"column":10},"end":{"line":144,"column":47}},"48":{"start":{"line":147,"column":6},"end":{"line":152,"column":8}},"49":{"start":{"line":157,"column":0},"end":{"line":169,"column":3}},"50":{"start":{"line":158,"column":27},"end":{"line":158,"column":85}},"51":{"start":{"line":159,"column":24},"end":{"line":159,"column":56}},"52":{"start":{"line":161,"column":16},"end":{"line":161,"column":190}},"53":{"start":{"line":162,"column":2},"end":{"line":168,"column":4}},"54":{"start":{"line":163,"column":4},"end":{"line":167,"column":5}},"55":{"start":{"line":164,"column":6},"end":{"line":164,"column":25}},"56":{"start":{"line":166,"column":6},"end":{"line":166,"column":38}},"57":{"start":{"line":171,"column":0},"end":{"line":187,"column":3}},"58":{"start":{"line":172,"column":25},"end":{"line":172,"column":72}},"59":{"start":{"line":173,"column":22},"end":{"line":173,"column":52}},"60":{"start":{"line":174,"column":21},"end":{"line":174,"column":43}},"61":{"start":{"line":176,"column":16},"end":{"line":176,"column":159}},"62":{"start":{"line":177,"column":2},"end":{"line":177,"column":129}},"63":{"start":{"line":178,"column":17},"end":{"line":178,"column":32}},"64":{"start":{"line":179,"column":2},"end":{"line":185,"column":3}},"65":{"start":{"line":180,"column":4},"end":{"line":184,"column":5}},"66":{"start":{"line":180,"column":17},"end":{"line":180,"column":18}},"67":{"start":{"line":181,"column":28},"end":{"line":181,"column":74}},"68":{"start":{"line":182,"column":25},"end":{"line":182,"column":54}},"69":{"start":{"line":183,"column":6},"end":{"line":183,"column":122}},"70":{"start":{"line":186,"column":2},"end":{"line":186,"column":34}},"71":{"start":{"line":189,"column":0},"end":{"line":198,"column":3}},"72":{"start":{"line":190,"column":16},"end":{"line":190,"column":103}},"73":{"start":{"line":191,"column":2},"end":{"line":197,"column":4}},"74":{"start":{"line":192,"column":4},"end":{"line":196,"column":5}},"75":{"start":{"line":193,"column":6},"end":{"line":193,"column":25}},"76":{"start":{"line":195,"column":6},"end":{"line":195,"column":41}},"77":{"start":{"line":200,"column":0},"end":{"line":209,"column":3}},"78":{"start":{"line":201,"column":16},"end":{"line":201,"column":73}},"79":{"start":{"line":202,"column":2},"end":{"line":208,"column":4}},"80":{"start":{"line":203,"column":4},"end":{"line":207,"column":5}},"81":{"start":{"line":204,"column":6},"end":{"line":204,"column":25}},"82":{"start":{"line":206,"column":6},"end":{"line":206,"column":41}},"83":{"start":{"line":211,"column":0},"end":{"line":220,"column":3}},"84":{"start":{"line":212,"column":16},"end":{"line":212,"column":74}},"85":{"start":{"line":213,"column":2},"end":{"line":219,"column":4}},"86":{"start":{"line":214,"column":4},"end":{"line":218,"column":5}},"87":{"start":{"line":215,"column":6},"end":{"line":215,"column":25}},"88":{"start":{"line":217,"column":6},"end":{"line":217,"column":41}},"89":{"start":{"line":222,"column":0},"end":{"line":231,"column":3}},"90":{"start":{"line":223,"column":16},"end":{"line":223,"column":62}},"91":{"start":{"line":224,"column":2},"end":{"line":230,"column":4}},"92":{"start":{"line":225,"column":4},"end":{"line":229,"column":5}},"93":{"start":{"line":226,"column":6},"end":{"line":226,"column":25}},"94":{"start":{"line":228,"column":6},"end":{"line":228,"column":41}},"95":{"start":{"line":234,"column":20},"end":{"line":240,"column":1}},"96":{"start":{"line":235,"column":2},"end":{"line":239,"column":3}},"97":{"start":{"line":236,"column":4},"end":{"line":236,"column":24}},"98":{"start":{"line":238,"column":4},"end":{"line":238,"column":17}},"99":{"start":{"line":242,"column":13},"end":{"line":242,"column":17}},"100":{"start":{"line":243,"column":0},"end":{"line":245,"column":3}},"101":{"start":{"line":244,"column":2},"end":{"line":244,"column":43}},"102":{"start":{"line":247,"column":0},"end":{"line":247,"column":38}}},"fnMap":{"0":{"name":"(anonymous_0)","decl":{"start":{"line":15,"column":25},"end":{"line":15,"column":26}},"loc":{"start":{"line":15,"column":39},"end":{"line":93,"column":1}},"line":15},"1":{"name":"(anonymous_1)","decl":{"start":{"line":51,"column":33},"end":{"line":51,"column":34}},"loc":{"start":{"line":51,"column":50},"end":{"line":92,"column":3}},"line":51},"2":{"name":"(anonymous_2)","decl":{"start":{"line":56,"column":26},"end":{"line":56,"column":27}},"loc":{"start":{"line":56,"column":33},"end":{"line":86,"column":7}},"line":56},"3":{"name":"(anonymous_3)","decl":{"start":{"line":95,"column":46},"end":{"line":95,"column":47}},"loc":{"start":{"line":95,"column":60},"end":{"line":155,"column":1}},"line":95},"4":{"name":"(anonymous_4)","decl":{"start":{"line":122,"column":34},"end":{"line":122,"column":35}},"loc":{"start":{"line":122,"column":51},"end":{"line":154,"column":3}},"line":122},"5":{"name":"(anonymous_5)","decl":{"start":{"line":127,"column":26},"end":{"line":127,"column":27}},"loc":{"start":{"line":127,"column":33},"end":{"line":146,"column":7}},"line":127},"6":{"name":"(anonymous_6)","decl":{"start":{"line":157,"column":26},"end":{"line":157,"column":27}},"loc":{"start":{"line":157,"column":46},"end":{"line":169,"column":1}},"line":157},"7":{"name":"(anonymous_7)","decl":{"start":{"line":162,"column":134},"end":{"line":162,"column":135}},"loc":{"start":{"line":162,"column":151},"end":{"line":168,"column":3}},"line":162},"8":{"name":"(anonymous_8)","decl":{"start":{"line":171,"column":47},"end":{"line":171,"column":48}},"loc":{"start":{"line":171,"column":67},"end":{"line":187,"column":1}},"line":171},"9":{"name":"(anonymous_9)","decl":{"start":{"line":189,"column":46},"end":{"line":189,"column":47}},"loc":{"start":{"line":189,"column":60},"end":{"line":198,"column":1}},"line":189},"10":{"name":"(anonymous_10)","decl":{"start":{"line":191,"column":53},"end":{"line":191,"column":54}},"loc":{"start":{"line":191,"column":70},"end":{"line":197,"column":3}},"line":191},"11":{"name":"(anonymous_11)","decl":{"start":{"line":200,"column":45},"end":{"line":200,"column":46}},"loc":{"start":{"line":200,"column":59},"end":{"line":209,"column":1}},"line":200},"12":{"name":"(anonymous_12)","decl":{"start":{"line":202,"column":53},"end":{"line":202,"column":54}},"loc":{"start":{"line":202,"column":70},"end":{"line":208,"column":3}},"line":202},"13":{"name":"(anonymous_13)","decl":{"start":{"line":211,"column":42},"end":{"line":211,"column":43}},"loc":{"start":{"line":211,"column":56},"end":{"line":220,"column":1}},"line":211},"14":{"name":"(anonymous_14)","decl":{"start":{"line":213,"column":51},"end":{"line":213,"column":52}},"loc":{"start":{"line":213,"column":68},"end":{"line":219,"column":3}},"line":213},"15":{"name":"(anonymous_15)","decl":{"start":{"line":222,"column":41},"end":{"line":222,"column":42}},"loc":{"start":{"line":222,"column":55},"end":{"line":231,"column":1}},"line":222},"16":{"name":"(anonymous_16)","decl":{"start":{"line":224,"column":51},"end":{"line":224,"column":52}},"loc":{"start":{"line":224,"column":68},"end":{"line":230,"column":3}},"line":224},"17":{"name":"(anonymous_17)","decl":{"start":{"line":234,"column":20},"end":{"line":234,"column":21}},"loc":{"start":{"line":234,"column":45},"end":{"line":240,"column":1}},"line":234},"18":{"name":"(anonymous_18)","decl":{"start":{"line":243,"column":17},"end":{"line":243,"column":18}},"loc":{"start":{"line":243,"column":28},"end":{"line":245,"column":1}},"line":243}},"branchMap":{"0":{"loc":{"start":{"line":18,"column":2},"end":{"line":23,"column":3}},"type":"if","locations":[{"start":{"line":18,"column":2},"end":{"line":23,"column":3}},{"start":{"line":18,"column":2},"end":{"line":23,"column":3}}],"line":18},"1":{"loc":{"start":{"line":52,"column":4},"end":{"line":91,"column":5}},"type":"if","locations":[{"start":{"line":52,"column":4},"end":{"line":91,"column":5}},{"start":{"line":52,"column":4},"end":{"line":91,"column":5}}],"line":52},"2":{"loc":{"start":{"line":57,"column":8},"end":{"line":67,"column":9}},"type":"if","locations":[{"start":{"line":57,"column":8},"end":{"line":67,"column":9}},{"start":{"line":57,"column":8},"end":{"line":67,"column":9}}],"line":57},"3":{"loc":{"start":{"line":68,"column":8},"end":{"line":78,"column":9}},"type":"if","locations":[{"start":{"line":68,"column":8},"end":{"line":78,"column":9}},{"start":{"line":68,"column":8},"end":{"line":78,"column":9}}],"line":68},"4":{"loc":{"start":{"line":68,"column":12},"end":{"line":68,"column":93}},"type":"binary-expr","locations":[{"start":{"line":68,"column":12},"end":{"line":68,"column":29}},{"start":{"line":68,"column":33},"end":{"line":68,"column":93}}],"line":68},"5":{"loc":{"start":{"line":79,"column":8},"end":{"line":85,"column":9}},"type":"if","locations":[{"start":{"line":79,"column":8},"end":{"line":85,"column":9}},{"start":{"line":79,"column":8},"end":{"line":85,"column":9}}],"line":79},"6":{"loc":{"start":{"line":98,"column":2},"end":{"line":103,"column":3}},"type":"if","locations":[{"start":{"line":98,"column":2},"end":{"line":103,"column":3}},{"start":{"line":98,"column":2},"end":{"line":103,"column":3}}],"line":98},"7":{"loc":{"start":{"line":123,"column":4},"end":{"line":153,"column":5}},"type":"if","locations":[{"start":{"line":123,"column":4},"end":{"line":153,"column":5}},{"start":{"line":123,"column":4},"end":{"line":153,"column":5}}],"line":123},"8":{"loc":{"start":{"line":128,"column":8},"end":{"line":138,"column":9}},"type":"if","locations":[{"start":{"line":128,"column":8},"end":{"line":138,"column":9}},{"start":{"line":128,"column":8},"end":{"line":138,"column":9}}],"line":128},"9":{"loc":{"start":{"line":139,"column":8},"end":{"line":145,"column":9}},"type":"if","locations":[{"start":{"line":139,"column":8},"end":{"line":145,"column":9}},{"start":{"line":139,"column":8},"end":{"line":145,"column":9}}],"line":139},"10":{"loc":{"start":{"line":163,"column":4},"end":{"line":167,"column":5}},"type":"if","locations":[{"start":{"line":163,"column":4},"end":{"line":167,"column":5}},{"start":{"line":163,"column":4},"end":{"line":167,"column":5}}],"line":163},"11":{"loc":{"start":{"line":179,"column":2},"end":{"line":185,"column":3}},"type":"if","locations":[{"start":{"line":179,"column":2},"end":{"line":185,"column":3}},{"start":{"line":179,"column":2},"end":{"line":185,"column":3}}],"line":179},"12":{"loc":{"start":{"line":192,"column":4},"end":{"line":196,"column":5}},"type":"if","locations":[{"start":{"line":192,"column":4},"end":{"line":196,"column":5}},{"start":{"line":192,"column":4},"end":{"line":196,"column":5}}],"line":192},"13":{"loc":{"start":{"line":203,"column":4},"end":{"line":207,"column":5}},"type":"if","locations":[{"start":{"line":203,"column":4},"end":{"line":207,"column":5}},{"start":{"line":203,"column":4},"end":{"line":207,"column":5}}],"line":203},"14":{"loc":{"start":{"line":214,"column":4},"end":{"line":218,"column":5}},"type":"if","locations":[{"start":{"line":214,"column":4},"end":{"line":218,"column":5}},{"start":{"line":214,"column":4},"end":{"line":218,"column":5}}],"line":214},"15":{"loc":{"start":{"line":225,"column":4},"end":{"line":229,"column":5}},"type":"if","locations":[{"start":{"line":225,"column":4},"end":{"line":229,"column":5}},{"start":{"line":225,"column":4},"end":{"line":229,"column":5}}],"line":225},"16":{"loc":{"start":{"line":235,"column":2},"end":{"line":239,"column":3}},"type":"if","locations":[{"start":{"line":235,"column":2},"end":{"line":239,"column":3}},{"start":{"line":235,"column":2},"end":{"line":239,"column":3}}],"line":235}},"s":{"0":1,"1":1,"2":1,"3":1,"4":1,"5":1,"6":6,"7":6,"8":1,"9":1,"10":5,"11":5,"12":5,"13":5,"14":5,"15":5,"16":0,"17":5,"18":5,"19":4,"20":4,"21":4,"22":4,"23":4,"24":4,"25":0,"26":0,"27":5,"28":1,"29":5,"30":5,"31":0,"32":0,"33":5,"34":5,"35":5,"36":5,"37":5,"38":5,"39":0,"40":5,"41":5,"42":4,"43":4,"44":4,"45":4,"46":0,"47":0,"48":5,"49":1,"50":0,"51":0,"52":0,"53":0,"54":0,"55":0,"56":0,"57":1,"58":0,"59":0,"60":0,"61":0,"62":0,"63":0,"64":0,"65":0,"66":0,"67":0,"68":0,"69":0,"70":0,"71":1,"72":1,"73":1,"74":1,"75":0,"76":1,"77":1,"78":1,"79":1,"80":1,"81":0,"82":1,"83":1,"84":1,"85":1,"86":1,"87":0,"88":1,"89":1,"90":1,"91":1,"92":1,"93":0,"94":1,"95":1,"96":22,"97":21,"98":1,"99":1,"100":1,"101":1,"102":1},"f":{"0":6,"1":5,"2":4,"3":5,"4":5,"5":4,"6":0,"7":0,"8":0,"9":1,"10":1,"11":1,"12":1,"13":1,"14":1,"15":1,"16":1,"17":22,"18":1},"b":{"0":[1,5],"1":[0,5],"2":[4,0],"3":[4,0],"4":[4,4],"5":[0,4],"6":[0,5],"7":[0,5],"8":[4,0],"9":[0,4],"10":[0,0],"11":[0,0],"12":[0,1],"13":[0,1],"14":[0,1],"15":[0,1],"16":[21,1]},"_coverageSchema":"1a1c01bbd47fc00a2c39e90264f33305004495a9","hash":"a21edfecbe94dfe47b899daf1f6e9e34b6be5bcb"}
}
