TN:
SF:server/index.js
FN:15,(anonymous_0)
FN:51,(anonymous_1)
FN:56,(anonymous_2)
FN:95,(anonymous_3)
FN:122,(anonymous_4)
FN:127,(anonymous_5)
FN:157,(anonymous_6)
FN:162,(anonymous_7)
FN:171,(anonymous_8)
FN:189,(anonymous_9)
FN:191,(anonymous_10)
FN:200,(anonymous_11)
FN:202,(anonymous_12)
FN:211,(anonymous_13)
FN:213,(anonymous_14)
FN:222,(anonymous_15)
FN:224,(anonymous_16)
FN:234,(anonymous_17)
FN:243,(anonymous_18)
FNF:19
FNH:16
FNDA:6,(anonymous_0)
FNDA:5,(anonymous_1)
FNDA:4,(anonymous_2)
FNDA:5,(anonymous_3)
FNDA:5,(anonymous_4)
FNDA:4,(anonymous_5)
FNDA:0,(anonymous_6)
FNDA:0,(anonymous_7)
FNDA:0,(anonymous_8)
FNDA:1,(anonymous_9)
FNDA:1,(anonymous_10)
FNDA:1,(anonymous_11)
FNDA:1,(anonymous_12)
FNDA:1,(anonymous_13)
FNDA:1,(anonymous_14)
FNDA:1,(anonymous_15)
FNDA:1,(anonymous_16)
FNDA:22,(anonymous_17)
FNDA:1,(anonymous_18)
DA:1,1
DA:2,1
DA:3,1
DA:5,1
DA:7,1
DA:15,1
DA:16,6
DA:18,6
DA:19,1
DA:20,1
DA:22,5
DA:24,5
DA:25,5
DA:27,5
DA:51,5
DA:52,5
DA:53,0
DA:55,5
DA:56,5
DA:57,4
DA:58,4
DA:68,4
DA:69,4
DA:77,4
DA:79,4
DA:80,0
DA:84,0
DA:87,5
DA:95,1
DA:96,5
DA:98,5
DA:99,0
DA:100,0
DA:102,5
DA:104,5
DA:105,5
DA:107,5
DA:122,5
DA:123,5
DA:124,0
DA:126,5
DA:127,5
DA:128,4
DA:129,4
DA:137,4
DA:139,4
DA:140,0
DA:144,0
DA:147,5
DA:157,1
DA:158,0
DA:159,0
DA:161,0
DA:162,0
DA:163,0
DA:164,0
DA:166,0
DA:171,1
DA:172,0
DA:173,0
DA:174,0
DA:176,0
DA:177,0
DA:178,0
DA:179,0
DA:180,0
DA:181,0
DA:182,0
DA:183,0
DA:186,0
DA:189,1
DA:190,1
DA:191,1
DA:192,1
DA:193,0
DA:195,1
DA:200,1
DA:201,1
DA:202,1
DA:203,1
DA:204,0
DA:206,1
DA:211,1
DA:212,1
DA:213,1
DA:214,1
DA:215,0
DA:217,1
DA:222,1
DA:223,1
DA:224,1
DA:225,1
DA:226,0
DA:228,1
DA:234,1
DA:235,22
DA:236,21
DA:238,1
DA:242,1
DA:243,1
DA:244,1
DA:247,1
LF:102
LH:71
BRDA:18,0,0,1
BRDA:18,0,1,5
BRDA:52,1,0,0
BRDA:52,1,1,5
BRDA:57,2,0,4
BRDA:57,2,1,0
BRDA:68,3,0,4
BRDA:68,3,1,0
BRDA:68,4,0,4
BRDA:68,4,1,4
BRDA:79,5,0,0
BRDA:79,5,1,4
BRDA:98,6,0,0
BRDA:98,6,1,5
BRDA:123,7,0,0
BRDA:123,7,1,5
BRDA:128,8,0,4
BRDA:128,8,1,0
BRDA:139,9,0,0
BRDA:139,9,1,4
BRDA:163,10,0,0
BRDA:163,10,1,0
BRDA:179,11,0,0
BRDA:179,11,1,0
BRDA:192,12,0,0
BRDA:192,12,1,1
BRDA:203,13,0,0
BRDA:203,13,1,1
BRDA:214,14,0,0
BRDA:214,14,1,1
BRDA:225,15,0,0
BRDA:225,15,1,1
BRDA:235,16,0,21
BRDA:235,16,1,1
BRF:34
BRH:18
end_of_record
